# iter u_max_err v_max_err (percentuali)
   500 1.0E+00 1.0E+00
  1000 1.4E+03 6.3E+01
  1500 3.2E+01 6.5E+01
  2000 4.5E+01 1.6E+02
  2500 6.4E+01 1.2E+02
  3000 1.6E+02 2.6E+02
  3500 1.8E+01 2.1E+02
  4000 1.6E+03 4.3E+01
  4500 2.6E+01 4.1E+01
  5000 9.9E+02 4.4E+01
  5500 5.3E+01 5.7E+02
  6000 1.7E+01 1.9E+01
  6500 2.8E+01 2.9E+01
  7000 7.5E+00 2.8E+01
  7500 1.3E+01 6.7E+01
  8000 1.4E+01 2.8E+01
  8500 7.4E+01 3.0E+01
  9000 6.6E+01 1.0E+01
  9500 2.6E+01 4.1E+00
 10000 5.1E+00 4.4E+00
 10500 2.5E+01 3.2E+00
 11000 1.0E+01 9.6E+00
 11500 2.0E+02 6.8E+01
 12000 2.0E+01 6.7E+00
 12500 5.8E+01 8.0E+00
 13000 3.7E+00 9.3E+01
 13500 1.8E+01 3.2E+00
 14000 2.1E+00 6.1E+00
 14500 1.3E+03 8.7E+00
 15000 5.2E+00 3.1E+00
 15500 9.7E+00 1.2E+01
 16000 1.3E+01 1.2E+01
 16500 1.1E+01 4.8E+00
 17000 3.0E+00 2.7E+00
 17500 9.6E+00 4.3E+00
 18000 1.6E+01 4.5E+00
 18500 6.1E+00 1.4E+00
 19000 1.3E+01 1.9E+01
 19500 3.3E+00 3.9E+00
 20000 1.7E+01 5.6E+01
 20500 4.7E+01 1.9E+00
 21000 1.3E+00 1.7E+01
 21500 4.0E+01 1.0E+01
 22000 1.6E+00 1.3E+00
 22500 3.1E+00 6.8E-01
 23000 1.5E+00 1.9E+00
 23500 6.0E+00 6.9E+00
 24000 2.6E+00 7.1E+00
 24500 5.3E+00 1.9E+00
 25000 1.3E+00 2.1E+00
 25500 5.4E+00 1.6E+00
 26000 5.2E+00 5.6E+00
 26500 4.3E+00 5.7E+00
 27000 3.6E+00 1.2E+00
 27500 1.5E+00 1.3E+00
 28000 2.8E+00 3.4E+01
 28500 5.2E+01 2.4E+00
 29000 9.8E-01 1.0E+00
 29500 1.8E+00 3.8E+01
 30000 6.5E+00 2.5E+00
 30500 2.3E+00 7.0E+00
 31000 2.7E+00 8.7E-01
 31500 3.3E+00 5.2E-01
 32000 1.5E+00 9.8E-01
 32500 4.0E+00 1.2E+01
 33000 6.9E+01 1.1E+00
 33500 4.0E+00 9.4E-01
 34000 7.9E-01 8.1E+00
 34500 4.3E-01 1.2E+00
 35000 2.9E-01 5.2E-01
 35500 3.2E-01 3.3E-01
 36000 4.3E-01 2.9E-01
 36500 7.0E-01 3.8E-01
 37000 1.9E+00 5.5E-01
 37500 2.2E+00 1.1E+00
 38000 3.7E+00 2.7E+01
 38500 1.4E+00 1.3E+00
 39000 2.4E+00 5.7E+00
 39500 1.8E+00 8.4E-01
 40000 6.3E-01 4.4E-01
 40500 3.7E-01 3.0E-01
 41000 2.6E-01 2.2E-01
 41500 2.3E-01 1.7E-01
 42000 2.7E-01 1.7E-01
 42500 3.5E-01 1.9E-01
 43000 4.9E-01 2.1E-01
 43500 8.5E-01 2.5E-01
 44000 4.0E+00 3.1E-01
 44500 1.4E+00 4.2E-01
 45000 5.6E-01 6.6E-01
 45500 8.6E-01 1.6E+00
 46000 4.4E+00 2.8E+00
 46500 1.3E+00 7.3E-01
 47000 5.5E-01 4.7E-01
 47500 3.4E-01 7.9E-01
 48000 2.4E-01 3.0E+00
 48500 1.9E-01 1.5E+00
 49000 1.5E-01 5.9E-01
 49500 1.2E-01 3.6E-01
 50000 1.1E-01 2.5E-01
 50500 9.0E-02 1.9E-01
 51000 7.9E-02 1.5E-01
 51500 8.0E-02 1.3E-01
 52000 8.1E-02 1.1E-01
 52500 8.3E-02 9.2E-02
 53000 8.5E-02 8.0E-02
 53500 8.7E-02 7.0E-02
 54000 9.0E-02 6.2E-02
 54500 9.3E-02 5.5E-02
 55000 9.6E-02 5.0E-02
 55500 9.9E-02 4.5E-02
 56000 1.0E-01 4.1E-02
 56500 1.1E-01 4.0E-02
 57000 1.1E-01 4.0E-02
 57500 1.2E-01 3.9E-02
 58000 1.3E-01 3.8E-02
 58500 1.4E-01 3.7E-02
 59000 1.5E-01 3.6E-02
 59500 1.6E-01 3.6E-02
 60000 1.8E-01 3.5E-02
 60500 2.1E-01 3.4E-02
 61000 2.5E-01 3.3E-02
 61500 3.0E-01 3.2E-02
 62000 4.0E-01 3.1E-02
 62500 6.0E-01 3.1E-02
 63000 1.3E+00 3.0E-02
 63500 4.9E+00 2.9E-02
 64000 8.2E-01 2.8E-02
 64500 4.4E-01 2.7E-02
 65000 2.9E-01 2.6E-02
 65500 2.2E-01 2.5E-02
 66000 1.7E-01 2.5E-02
 66500 1.4E-01 2.4E-02
 67000 1.3E-01 2.3E-02
 67500 1.4E-01 2.2E-02
 68000 1.5E-01 2.1E-02
 68500 1.7E-01 2.1E-02
 69000 1.9E-01 2.0E-02
 69500 2.2E-01 1.9E-02
 70000 2.6E-01 1.8E-02
 70500 3.3E-01 1.8E-02
 71000 4.5E-01 1.7E-02
 71500 7.5E-01 1.6E-02
 72000 2.4E+00 1.6E-02
 72500 1.8E+00 1.5E-02
 73000 6.3E-01 1.4E-02
 73500 3.7E-01 1.4E-02
 74000 2.6E-01 1.3E-02
 74500 2.0E-01 1.2E-02
 75000 1.6E-01 1.2E-02
 75500 1.3E-01 1.1E-02
 76000 1.1E-01 1.1E-02
 76500 9.3E-02 1.0E-02
 77000 8.1E-02 9.9E-03
 77500 7.1E-02 9.4E-03
 78000 6.3E-02 9.0E-03
 78500 5.6E-02 8.5E-03
 79000 5.0E-02 8.1E-03
 79500 4.5E-02 7.7E-03

